<?xml version="1.0" encoding="UTF-8"?>
<!-- Generated by org.testng.reporters.JUnitReportReporter -->
<testsuite hostname="DESKTOP-83V9GFA" failures="0" tests="1" name="supplier.create.FindRequest" time="7.073" errors="0" timestamp="2021-09-23T18:39:00 ALMT" skipped="0">
  <testcase classname="supplier.create.FindRequest" name="findEl" time="7.073"/>
  <system-out/>
</testsuite> <!-- supplier.create.FindRequest -->
