<?xml version="1.0" encoding="UTF-8"?>
<!-- Generated by org.testng.reporters.JUnitReportReporter -->
<testsuite skipped="0" hostname="DESKTOP-83V9GFA" name="test.Test1" tests="1" failures="0" timestamp="2021-08-12T17:09:08 ALMT" time="0.008" errors="0">
  <testcase name="test1" time="0.008" classname="test.Test1"/>
  <system-out/>
</testsuite> <!-- test.Test1 -->
