<?xml version="1.0" encoding="UTF-8"?>
<!-- Generated by org.testng.reporters.JUnitReportReporter -->
<testsuite skipped="0" hostname="DESKTOP-83V9GFA" name="supplier.CreateProductDemo" tests="1" failures="0" timestamp="2021-09-07T14:21:58 ALMT" time="10.710" errors="0">
  <testcase name="creatProduct" time="10.710" classname="supplier.CreateProductDemo"/>
  <system-out/>
</testsuite> <!-- supplier.CreateProductDemo -->
