<?xml version="1.0" encoding="UTF-8"?>
<!-- Generated by org.testng.reporters.JUnitReportReporter -->
<testsuite hostname="DESKTOP-83V9GFA" failures="0" tests="1" name="supplier.create.CreatePrice" time="12.807" errors="0" timestamp="2021-09-15T21:42:19 ALMT" skipped="0">
  <testcase classname="supplier.create.CreatePrice" name="newPrice" time="12.807"/>
  <system-out/>
</testsuite> <!-- supplier.create.CreatePrice -->
