<?xml version="1.0" encoding="UTF-8"?>
<!-- Generated by org.testng.reporters.JUnitReportReporter -->
<testsuite hostname="DESKTOP-83V9GFA" failures="0" tests="1" name="supplier.edit.EditAccountAndCreateRequisites" time="12.478" errors="0" timestamp="2021-09-20T10:15:45 ALMT" skipped="0">
  <testcase classname="supplier.edit.EditAccountAndCreateRequisites" name="addReq" time="12.478"/>
  <system-out/>
</testsuite> <!-- supplier.edit.EditAccountAndCreateRequisites -->
