<?xml version="1.0" encoding="UTF-8"?>
<!-- Generated by org.testng.reporters.JUnitReportReporter -->
<testsuite hostname="DESKTOP-83V9GFA" failures="0" tests="1" name="supplier.create.CreateAndAcceptRequests" time="39.329" errors="0" timestamp="2021-09-20T18:30:17 ALMT" skipped="0">
  <testcase classname="supplier.create.CreateAndAcceptRequests" name="createRequest" time="39.329"/>
  <system-out/>
</testsuite> <!-- supplier.create.CreateAndAcceptRequests -->
