<?xml version="1.0" encoding="UTF-8"?>
<!-- Generated by org.testng.reporters.JUnitReportReporter -->
<testsuite hostname="DESKTOP-83V9GFA" failures="0" tests="1" name="supplier.edit.EditProductDemo" time="18.161" errors="0" timestamp="2021-09-20T16:54:04 ALMT" skipped="0">
  <testcase classname="supplier.edit.EditProductDemo" name="editProduct" time="18.161"/>
  <system-out/>
</testsuite> <!-- supplier.edit.EditProductDemo -->
