<?xml version="1.0" encoding="UTF-8"?>
<!-- Generated by org.testng.reporters.JUnitReportReporter -->
<testsuite hostname="DESKTOP-83V9GFA" failures="0" tests="1" name="crm.CreateSupplier" time="9.667" errors="0" timestamp="2021-09-15T21:57:52 ALMT" skipped="0">
  <testcase classname="crm.CreateSupplier" name="addSupplier" time="9.667"/>
  <system-out/>
</testsuite> <!-- crm.CreateSupplier -->
