<?xml version="1.0" encoding="UTF-8"?>
<!-- Generated by org.testng.reporters.JUnitReportReporter -->
<testsuite hostname="DESKTOP-83V9GFA" failures="0" tests="1" name="supplier.create.CreateRemains" time="28.495" errors="0" timestamp="2021-09-23T18:42:07 ALMT" skipped="0">
  <testcase classname="supplier.create.CreateRemains" name="newRemain" time="28.495"/>
  <system-out/>
</testsuite> <!-- supplier.create.CreateRemains -->
