<?xml version="1.0" encoding="UTF-8"?>
<!-- Generated by org.testng.reporters.JUnitReportReporter -->
<testsuite hostname="DESKTOP-83V9GFA" failures="0" tests="1" name="supplier.edit.EditRequisites" time="8.477" errors="0" timestamp="2021-09-20T15:27:28 ALMT" skipped="0">
  <testcase classname="supplier.edit.EditRequisites" name="editReq" time="8.477"/>
  <system-out/>
</testsuite> <!-- supplier.edit.EditRequisites -->
