<?xml version="1.0" encoding="UTF-8"?>
<!-- Generated by org.testng.reporters.JUnitReportReporter -->
<testsuite skipped="0" hostname="DESKTOP-83V9GFA" name="com.restAssuredTest.GoogleMapPostMethodDemo" tests="1" failures="0" timestamp="2021-09-12T22:59:50 ALMT" time="10.879" errors="0">
  <testcase name="testOne" time="10.879" classname="com.restAssuredTest.GoogleMapPostMethodDemo"/>
  <system-out/>
</testsuite> <!-- com.restAssuredTest.GoogleMapPostMethodDemo -->
