<?xml version="1.0" encoding="UTF-8"?>
<!-- Generated by org.testng.reporters.JUnitReportReporter -->
<testsuite skipped="0" hostname="DESKTOP-83V9GFA" name="com.restAssuredTest.TestGetMethodDemo" tests="1" failures="0" timestamp="2021-09-04T19:20:53 ALMT" time="4.727" errors="0">
  <testcase name="testTwo" time="4.727" classname="com.restAssuredTest.TestGetMethodDemo"/>
  <system-out/>
</testsuite> <!-- com.restAssuredTest.TestGetMethodDemo -->
