<?xml version="1.0" encoding="UTF-8"?>
<!-- Generated by org.testng.reporters.JUnitReportReporter -->
<testsuite hostname="DESKTOP-83V9GFA" failures="0" tests="1" name="OAuthTest" time="2.606" errors="0" timestamp="2021-09-24T12:36:51 ALMT" skipped="0">
  <testcase classname="OAuthTest" name="test" time="2.606"/>
  <system-out/>
</testsuite> <!-- OAuthTest -->
