<?xml version="1.0" encoding="UTF-8"?>
<!-- Generated by org.testng.reporters.JUnitReportReporter -->
<testsuite skipped="0" hostname="DESKTOP-83V9GFA" name="com.restAssuredTest.ComplexJsonParse" tests="1" failures="0" timestamp="2021-09-05T22:51:01 ALMT" time="1.642" errors="0">
  <testcase name="testOne" time="1.642" classname="com.restAssuredTest.ComplexJsonParse"/>
  <system-out/>
</testsuite> <!-- com.restAssuredTest.ComplexJsonParse -->
