<?xml version="1.0" encoding="UTF-8"?>
<!-- Generated by org.testng.reporters.JUnitReportReporter -->
<testsuite hostname="DESKTOP-83V9GFA" failures="0" tests="3" name="com.restAssuredTest.DynamicJson" time="7.999" errors="0" timestamp="2021-09-23T21:52:44 ALMT" skipped="0">
  <testcase classname="com.restAssuredTest.DynamicJson" name="addBook" time="1.486"/>
  <system-out/>
  <testcase classname="com.restAssuredTest.DynamicJson" name="addBook" time="1.344"/>
  <system-out/>
  <testcase classname="com.restAssuredTest.DynamicJson" name="addBook" time="5.169"/>
  <system-out/>
</testsuite> <!-- com.restAssuredTest.DynamicJson -->
