<?xml version="1.0" encoding="UTF-8"?>
<!-- Generated by org.testng.reporters.JUnitReportReporter -->
<testsuite skipped="0" hostname="DESKTOP-83V9GFA" name="com.restAssuredTest.TestDeleteMethodDemo" tests="1" failures="0" timestamp="2021-09-03T16:31:06 ALMT" time="2.505" errors="0">
  <testcase name="testOne" time="2.505" classname="com.restAssuredTest.TestDeleteMethodDemo"/>
  <system-out/>
</testsuite> <!-- com.restAssuredTest.TestDeleteMethodDemo -->
