<?xml version="1.0" encoding="UTF-8"?>
<!-- Generated by org.testng.reporters.JUnitReportReporter -->
<testsuite hostname="DESKTOP-83V9GFA" failures="0" tests="1" name="com.restAssuredTest.TempClass" time="7.719" errors="0" timestamp="2021-09-23T14:34:02 ALMT" skipped="0">
  <testcase classname="com.restAssuredTest.TempClass" name="test" time="7.719"/>
  <system-out/>
</testsuite> <!-- com.restAssuredTest.TempClass -->
