<?xml version="1.0" encoding="UTF-8"?>
<!-- Generated by org.testng.reporters.JUnitReportReporter -->
<testsuite hostname="DESKTOP-83V9GFA" failures="0" tests="1" name="com.restAssuredTest.TestPostPutMethodDemo" time="3.037" errors="0" timestamp="2021-09-23T21:38:03 ALMT" skipped="0">
  <testcase classname="com.restAssuredTest.TestPostPutMethodDemo" name="testOne" time="3.037"/>
  <system-out/>
</testsuite> <!-- com.restAssuredTest.TestPostPutMethodDemo -->
